<?xml version="1.0" encoding="UTF-8"?>
<testng-results ignored="0" total="1" passed="1" failed="0" skipped="0">
  <reporter-output>
  </reporter-output>
  <suite started-at="2025-08-09T16:11:54 IST" name="Default suite" finished-at="2025-08-09T16:12:23 IST" duration-ms="29072">
    <groups>
    </groups>
    <test started-at="2025-08-09T16:11:54 IST" name="Default test" finished-at="2025-08-09T16:12:23 IST" duration-ms="29072">
      <class name="tests.PostCheck">
        <test-method is-config="true" signature="setUp()[pri:0, instance:tests.PostCheck@48f2bd5b]" started-at="2025-08-09T16:11:54 IST" name="setUp" finished-at="2025-08-09T16:11:58 IST" duration-ms="3915" status="PASS">
          <reporter-output>
          </reporter-output>
        </test-method> <!-- setUp -->
        <test-method signature="createPost()[pri:0, instance:tests.PostCheck@48f2bd5b]" started-at="2025-08-09T16:11:58 IST" name="createPost" finished-at="2025-08-09T16:12:22 IST" duration-ms="24229" status="PASS">
          <reporter-output>
          </reporter-output>
        </test-method> <!-- createPost -->
        <test-method is-config="true" signature="tearDown()[pri:0, instance:tests.PostCheck@48f2bd5b]" started-at="2025-08-09T16:12:22 IST" name="tearDown" finished-at="2025-08-09T16:12:23 IST" duration-ms="823" status="PASS">
          <reporter-output>
          </reporter-output>
        </test-method> <!-- tearDown -->
      </class> <!-- tests.PostCheck -->
    </test> <!-- Default test -->
  </suite> <!-- Default suite -->
</testng-results>
